may 20, 2026 10:18:59 A.M. acceso.bd.ConexionBaseDeDatos conectar
INFO: Conexión a base de datos realizada exitosamente en 10 ms
may 20, 2026 10:19:01 A.M. acceso.bd.ConexionBaseDeDatos conectar
FINE: Intentando establecer conexión a la base de datos...
may 20, 2026 10:19:01 A.M. acceso.bd.ConexionBaseDeDatos conectar
INFO: Conexión a base de datos realizada exitosamente en 8 ms
may 20, 2026 10:19:01 A.M. acceso.bd.ConexionBaseDeDatos conectar
FINE: Intentando establecer conexión a la base de datos...
may 20, 2026 10:19:01 A.M. acceso.bd.ConexionBaseDeDatos conectar
INFO: Conexión a base de datos realizada exitosamente en 7 ms
may 20, 2026 10:19:01 A.M. acceso.bd.ConexionBaseDeDatos conectar
FINE: Intentando establecer conexión a la base de datos...
may 20, 2026 10:19:01 A.M. acceso.bd.ConexionBaseDeDatos conectar
INFO: Conexión a base de datos realizada exitosamente en 6 ms
may 20, 2026 10:19:06 A.M. acceso.bd.ConexionBaseDeDatos conectar
FINE: Intentando establecer conexión a la base de datos...
may 20, 2026 10:19:06 A.M. acceso.bd.ConexionBaseDeDatos conectar
INFO: Conexión a base de datos realizada exitosamente en 7 ms
may 20, 2026 10:19:16 A.M. acceso.bd.ConexionBaseDeDatos conectar
FINE: Intentando establecer conexión a la base de datos...
may 20, 2026 10:19:16 A.M. acceso.bd.ConexionBaseDeDatos conectar
INFO: Conexión a base de datos realizada exitosamente en 7 ms
may 20, 2026 10:19:24 A.M. acceso.bd.ConexionBaseDeDatos conectar
FINE: Intentando establecer conexión a la base de datos...
may 20, 2026 10:19:24 A.M. acceso.bd.ConexionBaseDeDatos conectar
INFO: Conexión a base de datos realizada exitosamente en 7 ms
may 20, 2026 10:19:48 A.M. acceso.bd.ConexionBaseDeDatos conectar
FINE: Intentando establecer conexión a la base de datos...
may 20, 2026 10:19:48 A.M. acceso.bd.ConexionBaseDeDatos conectar
INFO: Conexión a base de datos realizada exitosamente en 7 ms
may 20, 2026 10:20:29 A.M. acceso.bd.ConexionBaseDeDatos conectar
FINE: Intentando establecer conexión a la base de datos...
may 20, 2026 10:20:29 A.M. acceso.bd.ConexionBaseDeDatos conectar
INFO: Conexión a base de datos realizada exitosamente en 7 ms
may 20, 2026 10:20:29 A.M. acceso.bd.ConexionBaseDeDatos conectar
FINE: Intentando establecer conexión a la base de datos...
may 20, 2026 10:20:29 A.M. acceso.bd.ConexionBaseDeDatos conectar
INFO: Conexión a base de datos realizada exitosamente en 7 ms
may 20, 2026 10:20:29 A.M. logica.dao.objetos.PreferenciaProyectoDao obtenerPreferencias
INFO: Preferencias obtenidas para: S24013287 — total: 3
may 20, 2026 10:20:33 A.M. acceso.bd.ConexionBaseDeDatos conectar
FINE: Intentando establecer conexión a la base de datos...
may 20, 2026 10:20:33 A.M. acceso.bd.ConexionBaseDeDatos conectar
INFO: Conexión a base de datos realizada exitosamente en 6 ms
may 20, 2026 10:20:33 A.M. acceso.bd.ConexionBaseDeDatos conectar
FINE: Intentando establecer conexión a la base de datos...
may 20, 2026 10:20:33 A.M. acceso.bd.ConexionBaseDeDatos conectar
INFO: Conexión a base de datos realizada exitosamente en 5 ms
may 20, 2026 10:20:38 A.M. acceso.bd.ConexionBaseDeDatos conectar
FINE: Intentando establecer conexión a la base de datos...
may 20, 2026 10:20:38 A.M. acceso.bd.ConexionBaseDeDatos conectar
INFO: Conexión a base de datos realizada exitosamente en 6 ms
may 20, 2026 10:20:38 A.M. logica.dao.objetos.MensajeDao obtenerMensajesRecibidos
INFO: Mensajes recibidos obtenidos correctamente
may 20, 2026 10:20:38 A.M. acceso.bd.ConexionBaseDeDatos conectar
FINE: Intentando establecer conexión a la base de datos...
may 20, 2026 10:20:38 A.M. acceso.bd.ConexionBaseDeDatos conectar
INFO: Conexión a base de datos realizada exitosamente en 6 ms
may 20, 2026 10:20:38 A.M. logica.dao.objetos.MensajeDao obtenerMensajesEnviados
INFO: Mensajes enviados obtenidos correctamente
may 20, 2026 10:20:46 A.M. acceso.bd.ConexionBaseDeDatos conectar
FINE: Intentando establecer conexión a la base de datos...
may 20, 2026 10:20:46 A.M. acceso.bd.ConexionBaseDeDatos conectar
INFO: Conexión a base de datos realizada exitosamente en 8 ms
may 20, 2026 10:20:46 A.M. logica.dao.objetos.AutoevaluacionPracticanteDao obtenerInfoAutoevaluacion
INFO: OK
may 20, 2026 10:21:49 A.M. acceso.bd.ConexionBaseDeDatos cargarConfiguracion
INFO: Configuración de base de datos cargada correctamente
may 20, 2026 10:21:49 A.M. acceso.bd.ConexionBaseDeDatos cargarConfiguracion
CONFIG: URL de conexión: jdbc:mysql://localhost:3306/practicas_profesionales
may 20, 2026 10:21:49 A.M. acceso.bd.ConexionBaseDeDatos conectar
FINE: Intentando establecer conexión a la base de datos...
may 20, 2026 10:21:49 A.M. acceso.bd.ConexionBaseDeDatos conectar
INFO: Conexión a base de datos realizada exitosamente en 238 ms
may 20, 2026 10:21:53 A.M. acceso.bd.ConexionBaseDeDatos conectar
FINE: Intentando establecer conexión a la base de datos...
may 20, 2026 10:21:53 A.M. acceso.bd.ConexionBaseDeDatos conectar
INFO: Conexión a base de datos realizada exitosamente en 11 ms
may 20, 2026 10:23:09 A.M. acceso.bd.ConexionBaseDeDatos cargarConfiguracion
INFO: Configuración de base de datos cargada correctamente
may 20, 2026 10:23:09 A.M. acceso.bd.ConexionBaseDeDatos cargarConfiguracion
CONFIG: URL de conexión: jdbc:mysql://localhost:3306/practicas_profesionales
may 20, 2026 10:23:09 A.M. acceso.bd.ConexionBaseDeDatos conectar
FINE: Intentando establecer conexión a la base de datos...
may 20, 2026 10:23:09 A.M. acceso.bd.ConexionBaseDeDatos conectar
INFO: Conexión a base de datos realizada exitosamente en 230 ms
may 20, 2026 10:23:12 A.M. acceso.bd.ConexionBaseDeDatos conectar
FINE: Intentando establecer conexión a la base de datos...
may 20, 2026 10:23:12 A.M. acceso.bd.ConexionBaseDeDatos conectar
INFO: Conexión a base de datos realizada exitosamente en 10 ms
may 20, 2026 10:27:30 A.M. acceso.bd.ConexionBaseDeDatos cargarConfiguracion
INFO: Configuración de base de datos cargada correctamente
may 20, 2026 10:27:30 A.M. acceso.bd.ConexionBaseDeDatos cargarConfiguracion
CONFIG: URL de conexión: jdbc:mysql://localhost:3306/practicas_profesionales
may 20, 2026 10:27:30 A.M. acceso.bd.ConexionBaseDeDatos conectar
FINE: Intentando establecer conexión a la base de datos...
may 20, 2026 10:27:31 A.M. acceso.bd.ConexionBaseDeDatos conectar
INFO: Conexión a base de datos realizada exitosamente en 259 ms
may 20, 2026 10:27:33 A.M. acceso.bd.ConexionBaseDeDatos conectar
FINE: Intentando establecer conexión a la base de datos...
may 20, 2026 10:27:33 A.M. acceso.bd.ConexionBaseDeDatos conectar
INFO: Conexión a base de datos realizada exitosamente en 12 ms
may 20, 2026 10:27:48 A.M. acceso.bd.ConexionBaseDeDatos conectar
FINE: Intentando establecer conexión a la base de datos...
may 20, 2026 10:27:48 A.M. acceso.bd.ConexionBaseDeDatos conectar
INFO: Conexión a base de datos realizada exitosamente en 9 ms
may 20, 2026 10:27:48 A.M. acceso.bd.ConexionBaseDeDatos conectar
FINE: Intentando establecer conexión a la base de datos...
may 20, 2026 10:27:48 A.M. acceso.bd.ConexionBaseDeDatos conectar
INFO: Conexión a base de datos realizada exitosamente en 8 ms
may 20, 2026 10:27:48 A.M. acceso.bd.ConexionBaseDeDatos conectar
FINE: Intentando establecer conexión a la base de datos...
may 20, 2026 10:27:48 A.M. acceso.bd.ConexionBaseDeDatos conectar
INFO: Conexión a base de datos realizada exitosamente en 8 ms
may 20, 2026 11:27:59 A.M. acceso.bd.ConexionBaseDeDatos cargarConfiguracion
INFO: Configuración de base de datos cargada correctamente
may 20, 2026 11:27:59 A.M. acceso.bd.ConexionBaseDeDatos cargarConfiguracion
CONFIG: URL de conexión: jdbc:mysql://localhost:3306/practicas_profesionales
may 20, 2026 11:27:59 A.M. acceso.bd.ConexionBaseDeDatos conectar
FINE: Intentando establecer conexión a la base de datos...
may 20, 2026 11:28:00 A.M. acceso.bd.ConexionBaseDeDatos conectar
INFO: Conexión a base de datos realizada exitosamente en 253 ms
may 20, 2026 11:28:02 A.M. acceso.bd.ConexionBaseDeDatos conectar
FINE: Intentando establecer conexión a la base de datos...
may 20, 2026 11:28:03 A.M. acceso.bd.ConexionBaseDeDatos conectar
INFO: Conexión a base de datos realizada exitosamente en 16 ms
may 20, 2026 11:28:45 A.M. acceso.bd.ConexionBaseDeDatos cargarConfiguracion
INFO: Configuración de base de datos cargada correctamente
may 20, 2026 11:28:45 A.M. acceso.bd.ConexionBaseDeDatos cargarConfiguracion
CONFIG: URL de conexión: jdbc:mysql://localhost:3306/practicas_profesionales
may 20, 2026 11:28:45 A.M. acceso.bd.ConexionBaseDeDatos conectar
FINE: Intentando establecer conexión a la base de datos...
may 20, 2026 11:28:45 A.M. acceso.bd.ConexionBaseDeDatos conectar
INFO: Conexión a base de datos realizada exitosamente en 251 ms
may 20, 2026 11:28:47 A.M. acceso.bd.ConexionBaseDeDatos conectar
FINE: Intentando establecer conexión a la base de datos...
may 20, 2026 11:28:47 A.M. acceso.bd.ConexionBaseDeDatos conectar
INFO: Conexión a base de datos realizada exitosamente en 11 ms
may 20, 2026 11:30:34 A.M. acceso.bd.ConexionBaseDeDatos cargarConfiguracion
INFO: Configuración de base de datos cargada correctamente
may 20, 2026 11:30:34 A.M. acceso.bd.ConexionBaseDeDatos cargarConfiguracion
CONFIG: URL de conexión: jdbc:mysql://localhost:3306/practicas_profesionales
may 20, 2026 11:30:34 A.M. acceso.bd.ConexionBaseDeDatos conectar
FINE: Intentando establecer conexión a la base de datos...
may 20, 2026 11:30:35 A.M. acceso.bd.ConexionBaseDeDatos conectar
INFO: Conexión a base de datos realizada exitosamente en 238 ms
may 20, 2026 11:30:50 A.M. acceso.bd.ConexionBaseDeDatos conectar
FINE: Intentando establecer conexión a la base de datos...
may 20, 2026 11:30:50 A.M. acceso.bd.ConexionBaseDeDatos conectar
INFO: Conexión a base de datos realizada exitosamente en 12 ms
may 20, 2026 11:30:57 A.M. acceso.bd.ConexionBaseDeDatos conectar
FINE: Intentando establecer conexión a la base de datos...
may 20, 2026 11:30:57 A.M. acceso.bd.ConexionBaseDeDatos conectar
INFO: Conexión a base de datos realizada exitosamente en 9 ms
may 20, 2026 11:30:57 A.M. logica.dao.objetos.MensajeDao obtenerMensajesRecibidos
INFO: Mensajes recibidos obtenidos correctamente
may 20, 2026 11:30:57 A.M. acceso.bd.ConexionBaseDeDatos conectar
FINE: Intentando establecer conexión a la base de datos...
may 20, 2026 11:30:57 A.M. acceso.bd.ConexionBaseDeDatos conectar
INFO: Conexión a base de datos realizada exitosamente en 8 ms
may 20, 2026 11:30:57 A.M. logica.dao.objetos.MensajeDao obtenerMensajesEnviados
INFO: Mensajes enviados obtenidos correctamente
may 20, 2026 11:52:49 A.M. acceso.bd.ConexionBaseDeDatos cargarConfiguracion
INFO: Configuración de base de datos cargada correctamente
may 20, 2026 11:52:49 A.M. acceso.bd.ConexionBaseDeDatos cargarConfiguracion
CONFIG: URL de conexión: jdbc:mysql://localhost:3306/practicas_profesionales
may 20, 2026 11:52:49 A.M. acceso.bd.ConexionBaseDeDatos conectar
FINE: Intentando establecer conexión a la base de datos...
may 20, 2026 11:52:50 A.M. acceso.bd.ConexionBaseDeDatos conectar
INFO: Conexión a base de datos realizada exitosamente en 244 ms
may 20, 2026 11:53:26 A.M. acceso.bd.ConexionBaseDeDatos cargarConfiguracion
INFO: Configuración de base de datos cargada correctamente
may 20, 2026 11:53:26 A.M. acceso.bd.ConexionBaseDeDatos cargarConfiguracion
CONFIG: URL de conexión: jdbc:mysql://localhost:3306/practicas_profesionales
may 20, 2026 11:53:26 A.M. acceso.bd.ConexionBaseDeDatos conectar
FINE: Intentando establecer conexión a la base de datos...
may 20, 2026 11:53:26 A.M. acceso.bd.ConexionBaseDeDatos conectar
INFO: Conexión a base de datos realizada exitosamente en 242 ms
may 20, 2026 11:56:44 A.M. acceso.bd.ConexionBaseDeDatos cargarConfiguracion
INFO: Configuración de base de datos cargada correctamente
may 20, 2026 11:56:44 A.M. acceso.bd.ConexionBaseDeDatos cargarConfiguracion
CONFIG: URL de conexión: jdbc:mysql://localhost:3306/practicas_profesionales
may 20, 2026 11:56:44 A.M. acceso.bd.ConexionBaseDeDatos conectar
FINE: Intentando establecer conexión a la base de datos...
may 20, 2026 11:56:45 A.M. acceso.bd.ConexionBaseDeDatos conectar
INFO: Conexión a base de datos realizada exitosamente en 267 ms
may 20, 2026 11:57:20 A.M. acceso.bd.ConexionBaseDeDatos conectar
FINE: Intentando establecer conexión a la base de datos...
may 20, 2026 11:57:20 A.M. acceso.bd.ConexionBaseDeDatos conectar
INFO: Conexión a base de datos realizada exitosamente en 11 ms
may 20, 2026 11:57:20 A.M. logica.dao.objetos.OrganizacionVinculadaDao insertarOrganizacionVinculada
INFO: Organización vinculada insertada correctamente
may 21, 2026 8:19:45 P.M. acceso.bd.ConexionBaseDeDatos cargarConfiguracion
INFO: Configuración de base de datos cargada correctamente
may 21, 2026 8:19:45 P.M. acceso.bd.ConexionBaseDeDatos cargarConfiguracion
CONFIG: URL de conexión: jdbc:mysql://localhost:3306/practicas_profesionales
may 21, 2026 8:19:45 P.M. acceso.bd.ConexionBaseDeDatos conectar
FINE: Intentando establecer conexión a la base de datos...
may 21, 2026 8:19:45 P.M. acceso.bd.ConexionBaseDeDatos conectar
INFO: Conexión a base de datos realizada exitosamente en 325 ms
may 21, 2026 8:25:12 P.M. acceso.bd.ConexionBaseDeDatos cargarConfiguracion
INFO: Configuración de base de datos cargada correctamente
may 21, 2026 8:25:12 P.M. acceso.bd.ConexionBaseDeDatos cargarConfiguracion
CONFIG: URL de conexión: jdbc:mysql://localhost:3306/practicas_profesionales
may 21, 2026 8:25:12 P.M. acceso.bd.ConexionBaseDeDatos conectar
FINE: Intentando establecer conexión a la base de datos...
may 21, 2026 8:25:12 P.M. acceso.bd.ConexionBaseDeDatos conectar
INFO: Conexión a base de datos realizada exitosamente en 255 ms
may 21, 2026 8:25:22 P.M. logica.utilidades.GeneradorPdfReporte generarPdf
INFO: PDF generado correctamente: reportes/Reporte_Parcial_S24013287_20260521_202521.pdf
may 21, 2026 8:27:17 P.M. acceso.bd.ConexionBaseDeDatos cargarConfiguracion
INFO: Configuración de base de datos cargada correctamente
may 21, 2026 8:27:18 P.M. acceso.bd.ConexionBaseDeDatos cargarConfiguracion
CONFIG: URL de conexión: jdbc:mysql://localhost:3306/practicas_profesionales
may 21, 2026 8:27:18 P.M. acceso.bd.ConexionBaseDeDatos conectar
FINE: Intentando establecer conexión a la base de datos...
may 21, 2026 8:27:18 P.M. acceso.bd.ConexionBaseDeDatos conectar
INFO: Conexión a base de datos realizada exitosamente en 251 ms
may 21, 2026 8:33:56 P.M. acceso.bd.ConexionBaseDeDatos cargarConfiguracion
INFO: Configuración de base de datos cargada correctamente
may 21, 2026 8:33:56 P.M. acceso.bd.ConexionBaseDeDatos cargarConfiguracion
CONFIG: URL de conexión: jdbc:mysql://localhost:3306/practicas_profesionales
may 21, 2026 8:33:56 P.M. acceso.bd.ConexionBaseDeDatos conectar
FINE: Intentando establecer conexión a la base de datos...
may 21, 2026 8:33:56 P.M. acceso.bd.ConexionBaseDeDatos conectar
INFO: Conexión a base de datos realizada exitosamente en 265 ms
may 21, 2026 8:33:57 P.M. acceso.bd.ConexionBaseDeDatos conectar
FINE: Intentando establecer conexión a la base de datos...
may 21, 2026 8:33:57 P.M. acceso.bd.ConexionBaseDeDatos conectar
INFO: Conexión a base de datos realizada exitosamente en 15 ms
may 21, 2026 8:33:57 P.M. logica.dao.objetos.ProyectoDao obtenerProyectoPorPracticante
INFO: Proyecto cargado para practicante: S24013287
may 21, 2026 8:34:11 P.M. logica.utilidades.GeneradorPdfReporte generarPdf
INFO: PDF generado correctamente: reportes/Reporte_Mensual_S24013287_20260521_203411.pdf
may 21, 2026 8:34:36 P.M. acceso.bd.ConexionBaseDeDatos conectar
FINE: Intentando establecer conexión a la base de datos...
may 21, 2026 8:34:36 P.M. acceso.bd.ConexionBaseDeDatos conectar
INFO: Conexión a base de datos realizada exitosamente en 9 ms
may 21, 2026 8:34:36 P.M. logica.dao.objetos.ProyectoDao obtenerProyectoPorPracticante
INFO: Proyecto cargado para practicante: S24013287
may 21, 2026 8:34:42 P.M. logica.utilidades.GeneradorPdfReporte generarPdf
INFO: PDF generado correctamente: reportes/Reporte_Mensual_S24013287_20260521_203442.pdf
may 21, 2026 9:56:20 P.M. acceso.bd.ConexionBaseDeDatos cargarConfiguracion
INFO: Configuración de base de datos cargada correctamente
may 21, 2026 9:56:20 P.M. acceso.bd.ConexionBaseDeDatos cargarConfiguracion
CONFIG: URL de conexión: jdbc:mysql://localhost:3306/practicas_profesionales
may 21, 2026 9:56:20 P.M. acceso.bd.ConexionBaseDeDatos conectar
FINE: Intentando establecer conexión a la base de datos...
may 21, 2026 9:56:20 P.M. acceso.bd.ConexionBaseDeDatos conectar
INFO: Conexión a base de datos realizada exitosamente en 258 ms
may 21, 2026 9:56:22 P.M. acceso.bd.ConexionBaseDeDatos conectar
FINE: Intentando establecer conexión a la base de datos...
may 21, 2026 9:56:22 P.M. acceso.bd.ConexionBaseDeDatos conectar
INFO: Conexión a base de datos realizada exitosamente en 11 ms
may 21, 2026 9:56:22 P.M. logica.dao.objetos.ProyectoDao obtenerProyectoPorPracticante
INFO: Proyecto cargado para practicante: S24013287
may 21, 2026 9:56:32 P.M. logica.utilidades.GeneradorPdfReporte generarPdf
INFO: PDF generado correctamente: reportes/Reporte_Parcial_S24013287_20260521_215632.pdf
may 21, 2026 10:36:19 P.M. acceso.bd.ConexionBaseDeDatos cargarConfiguracion
INFO: Configuración de base de datos cargada correctamente
may 21, 2026 10:36:19 P.M. acceso.bd.ConexionBaseDeDatos cargarConfiguracion
CONFIG: URL de conexión: jdbc:mysql://localhost:3306/practicas_profesionales
may 21, 2026 10:36:19 P.M. acceso.bd.ConexionBaseDeDatos conectar
FINE: Intentando establecer conexión a la base de datos...
may 21, 2026 10:36:20 P.M. acceso.bd.ConexionBaseDeDatos conectar
INFO: Conexión a base de datos realizada exitosamente en 243 ms
may 21, 2026 10:36:22 P.M. acceso.bd.ConexionBaseDeDatos conectar
FINE: Intentando establecer conexión a la base de datos...
may 21, 2026 10:36:22 P.M. acceso.bd.ConexionBaseDeDatos conectar
INFO: Conexión a base de datos realizada exitosamente en 13 ms
may 21, 2026 10:36:22 P.M. logica.dao.objetos.AutoevaluacionPracticanteDao obtenerInfoAutoevaluacion
INFO: OK
may 21, 2026 10:36:32 P.M. logica.utilidades.GeneradorPdfAutoevaluacion generarPdf
INFO: PDF de autoevaluación generado: reportes/Autoevaluacion_S24013287_20260521_223632.pdf
may 21, 2026 10:38:07 P.M. acceso.bd.ConexionBaseDeDatos cargarConfiguracion
INFO: Configuración de base de datos cargada correctamente
may 21, 2026 10:38:07 P.M. acceso.bd.ConexionBaseDeDatos cargarConfiguracion
CONFIG: URL de conexión: jdbc:mysql://localhost:3306/practicas_profesionales
may 21, 2026 10:38:07 P.M. acceso.bd.ConexionBaseDeDatos conectar
FINE: Intentando establecer conexión a la base de datos...
may 21, 2026 10:38:08 P.M. acceso.bd.ConexionBaseDeDatos conectar
INFO: Conexión a base de datos realizada exitosamente en 277 ms
may 21, 2026 10:38:09 P.M. acceso.bd.ConexionBaseDeDatos conectar
FINE: Intentando establecer conexión a la base de datos...
may 21, 2026 10:38:09 P.M. acceso.bd.ConexionBaseDeDatos conectar
INFO: Conexión a base de datos realizada exitosamente en 10 ms
may 21, 2026 10:38:09 P.M. logica.dao.objetos.AutoevaluacionPracticanteDao obtenerInfoAutoevaluacion
INFO: OK
may 21, 2026 10:38:17 P.M. acceso.bd.ConexionBaseDeDatos conectar
FINE: Intentando establecer conexión a la base de datos...
may 21, 2026 10:38:17 P.M. acceso.bd.ConexionBaseDeDatos conectar
INFO: Conexión a base de datos realizada exitosamente en 14 ms
may 21, 2026 10:38:17 P.M. logica.dao.objetos.AutoevaluacionPracticanteDao registrarAutoevaluacion
INFO: El practicante ya cuenta con una autoevaluación registrada
may 21, 2026 10:38:29 P.M. logica.utilidades.GeneradorPdfAutoevaluacion generarPdf
INFO: PDF de autoevaluación generado: autoevaluaciones/Autoevaluacion_S24013287_20260521_223828.pdf
may 21, 2026 10:40:46 P.M. acceso.bd.ConexionBaseDeDatos cargarConfiguracion
INFO: Configuración de base de datos cargada correctamente
may 21, 2026 10:40:46 P.M. acceso.bd.ConexionBaseDeDatos cargarConfiguracion
CONFIG: URL de conexión: jdbc:mysql://localhost:3306/practicas_profesionales
may 21, 2026 10:40:46 P.M. acceso.bd.ConexionBaseDeDatos conectar
FINE: Intentando establecer conexión a la base de datos...
may 21, 2026 10:40:46 P.M. acceso.bd.ConexionBaseDeDatos conectar
INFO: Conexión a base de datos realizada exitosamente en 257 ms
may 21, 2026 10:40:48 P.M. acceso.bd.ConexionBaseDeDatos conectar
FINE: Intentando establecer conexión a la base de datos...
may 21, 2026 10:40:48 P.M. acceso.bd.ConexionBaseDeDatos conectar
INFO: Conexión a base de datos realizada exitosamente en 13 ms
may 21, 2026 10:40:48 P.M. logica.dao.objetos.AutoevaluacionPracticanteDao obtenerInfoAutoevaluacion
INFO: OK
may 21, 2026 10:40:59 P.M. logica.utilidades.GeneradorPdfAutoevaluacion generarPdf
INFO: PDF de autoevaluación generado: autoevaluaciones/Autoevaluacion_S24013287_20260521_224059.pdf
may 21, 2026 11:41:09 P.M. acceso.bd.ConexionBaseDeDatos cargarConfiguracion
INFO: Configuración de base de datos cargada correctamente
may 21, 2026 11:41:09 P.M. acceso.bd.ConexionBaseDeDatos cargarConfiguracion
CONFIG: URL de conexión: jdbc:mysql://localhost:3306/practicas_profesionales
may 21, 2026 11:41:09 P.M. acceso.bd.ConexionBaseDeDatos conectar
FINE: Intentando establecer conexión a la base de datos...
may 21, 2026 11:41:09 P.M. acceso.bd.ConexionBaseDeDatos conectar
INFO: Conexión a base de datos realizada exitosamente en 253 ms
may 21, 2026 11:41:11 P.M. acceso.bd.ConexionBaseDeDatos conectar
FINE: Intentando establecer conexión a la base de datos...
may 21, 2026 11:41:11 P.M. acceso.bd.ConexionBaseDeDatos conectar
INFO: Conexión a base de datos realizada exitosamente en 12 ms
may 21, 2026 11:41:11 P.M. logica.dao.objetos.AutoevaluacionPracticanteDao obtenerInfoAutoevaluacion
INFO: OK
may 21, 2026 11:41:11 P.M. acceso.bd.ConexionBaseDeDatos conectar
FINE: Intentando establecer conexión a la base de datos...
may 21, 2026 11:41:11 P.M. acceso.bd.ConexionBaseDeDatos conectar
INFO: Conexión a base de datos realizada exitosamente en 9 ms
may 21, 2026 11:41:11 P.M. logica.dao.objetos.AutoevaluacionPracticanteDao obtenerAutoevaluacion
INFO: Autoevaluación obtenida para: S24013287
may 22, 2026 12:02:52 A.M. acceso.bd.ConexionBaseDeDatos cargarConfiguracion
INFO: Configuración de base de datos cargada correctamente
may 22, 2026 12:02:52 A.M. acceso.bd.ConexionBaseDeDatos cargarConfiguracion
CONFIG: URL de conexión: jdbc:mysql://localhost:3306/practicas_profesionales
may 22, 2026 12:02:52 A.M. acceso.bd.ConexionBaseDeDatos conectar
FINE: Intentando establecer conexión a la base de datos...
may 22, 2026 12:02:53 A.M. acceso.bd.ConexionBaseDeDatos conectar
INFO: Conexión a base de datos realizada exitosamente en 242 ms
may 22, 2026 12:04:17 A.M. acceso.bd.ConexionBaseDeDatos cargarConfiguracion
INFO: Configuración de base de datos cargada correctamente
may 22, 2026 12:04:17 A.M. acceso.bd.ConexionBaseDeDatos cargarConfiguracion
CONFIG: URL de conexión: jdbc:mysql://localhost:3306/practicas_profesionales
may 22, 2026 12:04:17 A.M. acceso.bd.ConexionBaseDeDatos conectar
FINE: Intentando establecer conexión a la base de datos...
may 22, 2026 12:04:18 A.M. acceso.bd.ConexionBaseDeDatos conectar
INFO: Conexión a base de datos realizada exitosamente en 242 ms
may 22, 2026 12:04:20 A.M. acceso.bd.ConexionBaseDeDatos conectar
FINE: Intentando establecer conexión a la base de datos...
may 22, 2026 12:04:20 A.M. acceso.bd.ConexionBaseDeDatos conectar
INFO: Conexión a base de datos realizada exitosamente en 11 ms
may 22, 2026 12:04:22 A.M. acceso.bd.ConexionBaseDeDatos conectar
FINE: Intentando establecer conexión a la base de datos...
may 22, 2026 12:04:22 A.M. acceso.bd.ConexionBaseDeDatos conectar
INFO: Conexión a base de datos realizada exitosamente en 10 ms
